Determining if the pthread_create exist failed with the following output:
Change Dir: /home/dunan/Research/DALIGNER/cmake-build-debug/CMakeFiles/CMakeTmp

Run Build Command:"/usr/bin/make" "cmTC_3b0e6/fast"
make[1]: Entering directory '/home/dunan/Research/DALIGNER/cmake-build-debug/CMakeFiles/CMakeTmp'
/usr/bin/make -f CMakeFiles/cmTC_3b0e6.dir/build.make CMakeFiles/cmTC_3b0e6.dir/build
make[2]: Entering directory '/home/dunan/Research/DALIGNER/cmake-build-debug/CMakeFiles/CMakeTmp'
Building C object CMakeFiles/cmTC_3b0e6.dir/CheckSymbolExists.c.o
/usr/bin/cc    -o CMakeFiles/cmTC_3b0e6.dir/CheckSymbolExists.c.o   -c /home/dunan/Research/DALIGNER/cmake-build-debug/CMakeFiles/CMakeTmp/CheckSymbolExists.c
Linking C executable cmTC_3b0e6
/home/dunan/.local/share/JetBrains/Toolbox/apps/CLion/ch-0/173.4674.29/bin/cmake/bin/cmake -E cmake_link_script CMakeFiles/cmTC_3b0e6.dir/link.txt --verbose=1
/usr/bin/cc      CMakeFiles/cmTC_3b0e6.dir/CheckSymbolExists.c.o  -o cmTC_3b0e6 
CMakeFiles/cmTC_3b0e6.dir/CheckSymbolExists.c.o: In function `main':
CheckSymbolExists.c:(.text+0x16): undefined reference to `pthread_create'
collect2: error: ld returned 1 exit status
CMakeFiles/cmTC_3b0e6.dir/build.make:97: recipe for target 'cmTC_3b0e6' failed
make[2]: *** [cmTC_3b0e6] Error 1
make[2]: Leaving directory '/home/dunan/Research/DALIGNER/cmake-build-debug/CMakeFiles/CMakeTmp'
Makefile:126: recipe for target 'cmTC_3b0e6/fast' failed
make[1]: *** [cmTC_3b0e6/fast] Error 2
make[1]: Leaving directory '/home/dunan/Research/DALIGNER/cmake-build-debug/CMakeFiles/CMakeTmp'

File /home/dunan/Research/DALIGNER/cmake-build-debug/CMakeFiles/CMakeTmp/CheckSymbolExists.c:
/* */
#include <pthread.h>

int main(int argc, char** argv)
{
  (void)argv;
#ifndef pthread_create
  return ((int*)(&pthread_create))[argc];
#else
  (void)argc;
  return 0;
#endif
}

Determining if the function pthread_create exists in the pthreads failed with the following output:
Change Dir: /home/dunan/Research/DALIGNER/cmake-build-debug/CMakeFiles/CMakeTmp

Run Build Command:"/usr/bin/make" "cmTC_dad1b/fast"
make[1]: Entering directory '/home/dunan/Research/DALIGNER/cmake-build-debug/CMakeFiles/CMakeTmp'
/usr/bin/make -f CMakeFiles/cmTC_dad1b.dir/build.make CMakeFiles/cmTC_dad1b.dir/build
make[2]: Entering directory '/home/dunan/Research/DALIGNER/cmake-build-debug/CMakeFiles/CMakeTmp'
Building C object CMakeFiles/cmTC_dad1b.dir/CheckFunctionExists.c.o
/usr/bin/cc   -DCHECK_FUNCTION_EXISTS=pthread_create   -o CMakeFiles/cmTC_dad1b.dir/CheckFunctionExists.c.o   -c /home/dunan/.local/share/JetBrains/Toolbox/apps/CLion/ch-0/173.4674.29/bin/cmake/share/cmake-3.9/Modules/CheckFunctionExists.c
Linking C executable cmTC_dad1b
/home/dunan/.local/share/JetBrains/Toolbox/apps/CLion/ch-0/173.4674.29/bin/cmake/bin/cmake -E cmake_link_script CMakeFiles/cmTC_dad1b.dir/link.txt --verbose=1
/usr/bin/cc  -DCHECK_FUNCTION_EXISTS=pthread_create    CMakeFiles/cmTC_dad1b.dir/CheckFunctionExists.c.o  -o cmTC_dad1b -lpthreads 
/usr/bin/ld: cannot find -lpthreads
collect2: error: ld returned 1 exit status
CMakeFiles/cmTC_dad1b.dir/build.make:97: recipe for target 'cmTC_dad1b' failed
make[2]: *** [cmTC_dad1b] Error 1
make[2]: Leaving directory '/home/dunan/Research/DALIGNER/cmake-build-debug/CMakeFiles/CMakeTmp'
Makefile:126: recipe for target 'cmTC_dad1b/fast' failed
make[1]: *** [cmTC_dad1b/fast] Error 2
make[1]: Leaving directory '/home/dunan/Research/DALIGNER/cmake-build-debug/CMakeFiles/CMakeTmp'


